SLURM_MEM_PER_CPU=8192
SLURM_NODEID=0
SLURM_TASK_PID=3478946
SLURM_PRIO_PROCESS=0
SLURM_SUBMIT_DIR=/users/ibarbier/RD
SLURM_CPUS_PER_TASK=40
SLURM_PROCID=0
SLURM_JOB_GID=11000
SLURMD_NODENAME=dna056
SLURM_TASKS_PER_NODE=1
SLURM_NNODES=1
SLURM_JOB_NODELIST=dna056
SLURM_CLUSTER_NAME=curnagl
SLURM_NODELIST=dna056
SLURM_NTASKS=1
SLURM_JOB_CPUS_PER_NODE=40
SLURM_TOPOLOGY_ADDR=core.edge3.dna056
SLURM_WORKING_CLUSTER=curnagl:admin1:6817:9216:109
SLURM_JOB_NAME=sbatch_findpar.sh
SLURM_JOBID=754084
SLURM_CONF=/etc/slurm/slurm.conf
SLURM_NODE_ALIASES=(null)
SLURM_JOB_QOS=cpu-normal
SLURM_TOPOLOGY_ADDR_PATTERN=switch.switch.node
SLURM_CPUS_ON_NODE=40
SLURM_JOB_NUM_NODES=1
SLURM_JOB_UID=69294
SLURM_JOB_PARTITION=cpu
SLURM_JOB_USER=ibarbier
SLURM_NPROCS=1
SLURM_SUBMIT_HOST=login.curnagl
SLURM_JOB_ACCOUNT=yschaerl_snsf_2017
SLURM_GTIDS=0
SLURM_JOB_ID=754084
SLURM_LOCALID=0
multistate
multistate
multistate
multistate
multistate
multistate
multistate
multistate
multistate
multistate
multistate
multistate
multistate
multistate
multistate
multistate
multistate
multistate
multistate
multistate
multistate
multistate
multistate
multistate
multistate
multistate
multistate
multistate
multistate
multistate
multistate
multistate
multistate
multistate
multistate
multistate
multistate
multistate
multistate
multistate
multistate
multistate
multistate
multistate
multistate
multistate
multistate
multistate
multistate
multistate
multistate
multistate
multistate
multistate
multistate
multistate
multistate
multistate
multistate
multistate
multistate
multistate
multistate
multistate
multistate
multistate
multistate
multistate
multistate
multistate
multistate
multistate
multistate
multistate
multistate
multistate
multistate
multistate
multistate
multistate
multistate
multistate
multistate
multistate
multistate
multistate
multistate
multistate
multistate
multistate
multistate
multistate
multistate
multistate
multistate
multistate
multistate
multistate
multistate
multistate
multistate
multistate
multistate
multistate
multistate
multistate
multistate
multistate
multistate
multistate
multistate
multistate
multistate
multistate
multistate
multistate
multistate
multistate
multistate
multistate
multistate
multistate
multistate
multistate
multistate
multistate
multistate
multistate
multistate
multistate
multistate
multistate
multistate
multistate
multistate
multistate
multistate
multistate
multistate
multistate
multistate
multistate
multistate
multistate
multistate
multistate
multistate
multistate
multistate
multistate
multistate
multistate
multistate
multistate
multistate
multistate
multistate
multistate
multistate
multistate
multistate
multistate
multistate
multistate
multistate
multistate
multistate
multistate
multistate
multistate
multistate
multistate
multistate
multistate
multistate
multistate
multistate
multistate
multistate
multistate
multistate
multistate
multistate
multistate
multistate
multistate
multistate
multistate
multistate
multistate
multistate
multistate
multistate
multistate
multistate
multistate
multistate
multistate
multistate
multistate
multistate
multistate
multistate
multistate
multistate
multistate
multistate
multistate
multistate
multistate
multistate
multistate
multistate
multistate
multistate
multistate
multistate
multistate
multistate
multistate
multistate
multistate
multistate
multistate
multistate
multistate
multistate
multistate
multistate
multistate
multistate
multistate
multistate
multistate
multistate
multistate
multistate
multistate
multistate
multistate
multistate
multistate
multistate
multistate
multistate
multistate
multistate
multistate
multistate
multistate
multistate
multistate
multistate
multistate
multistate
multistate
multistate
multistate
multistate
multistate
/users/ibarbier/myfirstvenv/lib64/python3.6/site-packages/numpy/core/_asarray.py:83: VisibleDeprecationWarning: Creating an ndarray from ragged nested sequences (which is a list-or-tuple of lists-or-tuples-or ndarrays with different lengths or shapes) is deprecated. If you meant to do this, you must specify 'dtype=object' when creating the ndarray
  return array(a, dtype, copy=False, order=order)
>>>> Loop processing time: 1890.848 sec on 40 CPU cores.
[[], [], [], [], [], [], [], [], [], [], [], [], [], [], [], [], [], [], [], [], [], [], [], [], [], [], [], [], [], [], [], [], [], [], [], [], [], [], [], [], [], [], [], [], [], [], [], [], [], [], [], [], [], [], [], [], [], [], [], [], [], [], [], [], [], [], [], [], [], [], [], [], [], [], [], [], [], [], [], [], [], [], [], [], [], [], [], [], [], [], [], [], [], [], [], [], [], [], [], [array([95.17301447, 38.45356827, 20.20817464, 23.7297321 ,  2.13360629])], [], [], [], [], [], [], [], [], [], [], [], [], [], [], [], [], [], [], [], [], [], [], [], [], [], [], [], [], [], [array([ 2.1459704 , 41.50246593, 42.12789727, 50.35526836, 28.89154976])], [], [], [], [], [], [], [], [], [], [], [], [], [], [], [], [], [], [], [], [], [], [], [], [], [], [], [], [], [], [], [], [], [], [], [], [], [], [], [], [], [], [], [], [], [], [], [], [], [], [], [], [], [], [], [], [], [], [], [], [], [], [], [], [], [], [], [], [], [], [], [], [], [], [], [], [], [], [], [], [], [], [], [], [], [], [], [], [], [], [], [], [], [], [], [], [], [], [], [], [], [], [], [], [], [], [], [], [], [], [], [], [], [], [], [], [], [], [], [], [], [], [], [], [], [], [], [], [], [], [], [], [], [], [], [], [], [], [], [], [], [], [], [], [], [], [], [], [], [], [], [], [], [], [], [], [], [], [], [], [], [], [], [], [], [], [], [], [], [], [], [], [], [], [], [], [], [], [], [], [], [], [], [], [], [], [], [], [], [], [], [], [], [], [], [], [], [], [], [], [], [], [], [], [], [], [], [], [], [], [], [], [], [], [], [], [], [], [], [], [], [], [], [], [], [], [], [], [], [], [], [], [], [], [], [], [], [], [], [], [], [], [], [], [], [], [], [], [], [], [], [], [], [], [], [], [], [], [], [], [], [], [], [], [], [], [], [], [], [], [], [], [], [], [], [], [], [], [], [], [], [], [], [], [], [], [], [], [], [], [], [], [], [], [], [], [], [], [], [], [], [], [], [], [], [], [], [], [], [], [], [], [], [], [], [], [], [], [], [], [], [], [array([14.01395394, 63.68469928, 10.24884821, 74.71616142,  3.18151929])], [], [], [], [], [], [], [], [], [], [], [], [], [], [], [], [], [], [], [], [], [], [], [], [], [], [], [], [], [], [], [], [], [], [], [], [], [], [], [], [], [], [], [], [], [], [], [], [], [], [], [], [], [], [], [], [], [], [], [], [], [], [], [], [], [], [], [], [], [], [], [], [], [], [], [], [], [], [], [], [], [], [], [], [], [], [], [], [], [], [], [], [], [], [], [], [], [], [], [], [], [], [], [], [], [], [array([69.75627356, 43.90302808, 74.61293739, 65.80321373,  1.3537186 ])], [], [], [], [], [], [], [], [], [], [], [], [], [], [], [], [], [], [], [], [], [], [], [], [], [], [], [], [], [], [], [], [], [], [], [], [], [], [], [], [], [], [], [], [], [], [], [], [], [], [], [], [], [], [], [], [], [], [], [], [], [], [], [], [], [], [], [], [], [], [], [], [], [], [], [], [], [], [], [], [], [], [], [], [], [], [], [], [], [], [], [], [], [], [], [], [], [], [], [], [], [], [], [], [], [], [], [], [], [], [], [], [], [], [], [], [], [], [], [], [], [], [], [], [], [], [], [], [], [], [], [], [], [], [], [], [], [], [], [], [], [], [], [], [], [], [], [], [], [], [array([94.11734304, 55.39357364, 30.12304627, 27.01888974,  2.80845514])], [], [], [], [], [], [], [], [], [], [], [], [], [], [], [], [], [], [], [], [], [], [], [], [], [], [], [], [], [], [], [], [], [], [], [], [], [], [], [], [], [], [], [], [], [], [], [], [], [], [], [], [], [], [], [], [], [], [], [], [], [], [], [], [], [], [], [], [], [], [], [], [], [], [], [], [], [], [], [], [], [], [], [], [], [], [], [], [], [], [], [], [], [], [], [], [], [], [], [], [], [], [], [], [], [], [], [], [], [], [], [], [], [], [], [], [], [], [], [], [], [], [], [], [], [], [], [], [], [], [], [], [], [], [], [], [], [], [], [], [], [], [], [], [], [], [], [], [], [], [], [], [], [], [], [], [], [], [], [], [], [], [], [], [], [], [], [], [], [], [], [], [], [], [], [], [], [], [], [], [], [], [], [], [], [], [], [], [], [], [], [], [], [], [], [], [], [], [], [], [], [], [], [], [], [], [], [], [], [], [], [], [], [], [], [], [], [], [], [], [], [], [], [], [], [], [], [], [], [], [], [], [], [], [], [], [], [], [], [], [], [], [], [], [], [], [], [], [], [], [], [], [], [], [], [], [], [], [], [], [], [], [], [], [], [], [], [], [], [], [], [], [], [], [], [], [], [], [], [], [], [], [], [], [], [], [], [], [], [], [], [], []]
Traceback (most recent call last):
  File "/users/ibarbier/myfirstvenv/lib64/python3.6/site-packages/numpy/lib/npyio.py", line 1424, in savetxt
    v = format % tuple(row) + newline
TypeError: must be real number, not list

During handling of the above exception, another exception occurred:

Traceback (most recent call last):
  File "RD-turing.py", line 318, in <module>
    np.savetxt('selectpar.out', selectpar)
  File "<__array_function__ internals>", line 6, in savetxt
  File "/users/ibarbier/myfirstvenv/lib64/python3.6/site-packages/numpy/lib/npyio.py", line 1428, in savetxt
    % (str(X.dtype), format))
TypeError: Mismatch between array dtype ('object') and format specifier ('%.18e')
